<?xml version="1.0" encoding="utf-8"?><testsuites name="pytest tests"><testsuite name="pytest" errors="0" failures="0" skipped="7" tests="739" time="116.501" timestamp="2026-07-02T07:23:36.715445-07:00" hostname="DESKTOP-1DQMJ16"><testcase classname="tests.test_affect_bounds" name="test_ema_affect_stays_in_unit_interval" time="0.001" /><testcase classname="tests.test_affect_bounds" name="test_ema_affect_weights_new_term_by_one_minus_retain" time="0.001" /><testcase classname="tests.test_affect_bounds" name="test_ema_affect_converges_to_new_not_fifty_times_new" time="0.001" /><testcase classname="tests.test_affect_bounds" name="test_ema_affect_monotonic_in_new" time="0.001" /><testcase classname="tests.test_affect_bounds" name="test_pain_scalar_stays_bounded_over_many_cycles" time="4.140" /><testcase classname="tests.test_agent_presets" name="test_store_seeds_builtins_on_first_init" time="0.016" /><testcase classname="tests.test_agent_presets" name="test_store_mind_only_has_no_elements" time="0.011" /><testcase classname="tests.test_agent_presets" name="test_store_create_get_delete_roundtrip" time="0.020" /><testcase classname="tests.test_agent_presets" name="test_store_persists_across_instances" time="0.017" /><testcase classname="tests.test_agent_presets" name="test_store_migrates_builtin_braces_off_without_rewriting_user_presets" time="0.033" /><testcase classname="tests.test_agent_presets" name="test_store_create_mind_only_clears_elements" time="0.011" /><testcase classname="tests.test_agent_presets" name="test_routes_list_returns_seeded_builtins" time="0.043" /><testcase classname="tests.test_agent_presets" name="test_routes_create_then_list_and_delete" time="0.030" /><testcase classname="tests.test_agent_presets" name="test_routes_mind_only_preset_allows_empty_elements" time="0.016" /><testcase classname="tests.test_agent_presets" name="test_routes_reject_bodied_preset_with_no_valid_elements" time="0.008" /><testcase classname="tests.test_api_dashboard" name="test_list_agents" time="0.136" /><testcase classname="tests.test_api_dashboard" name="test_vision_endpoint_404_then_png" time="0.073" /><testcase classname="tests.test_api_dashboard" name="test_vision_camera_views" time="0.166" /><testcase classname="tests.test_api_dashboard" name="test_audio_endpoint" time="0.095" /><testcase classname="tests.test_api_dashboard" name="test_body_recenter_queues_command" time="0.069" /><testcase classname="tests.test_api_dashboard" name="test_pause_resume" time="0.691" /><testcase classname="tests.test_api_dashboard" name="test_reset_clears_state_and_memory" time="0.080" /><testcase classname="tests.test_api_dashboard" name="test_death_revive_and_status_surfaced" time="0.082" /><testcase classname="tests.test_api_dashboard" name="test_graph_persists_entity_out_of_view" time="0.156" /><testcase classname="tests.test_api_dashboard" name="test_configure_capacity" time="0.069" /><testcase classname="tests.test_api_dashboard" name="test_configure_assist_override" time="0.069" /><testcase classname="tests.test_api_dashboard" name="test_configure_curriculum_mode" time="0.086" /><testcase classname="tests.test_api_dashboard" name="test_collision_damages_integrity_reservoir" time="0.071" /><testcase classname="tests.test_api_dashboard" name="test_food_and_water_credit_reservoirs" time="0.093" /><testcase classname="tests.test_api_dashboard" name="test_plasticity_metrics_and_live_knobs" time="1.347" /><testcase classname="tests.test_api_dashboard" name="test_plasticity_brain_topology_growth" time="1.612" /><testcase classname="tests.test_api_dashboard" name="test_plasticity_reset_rebuilds_clean" time="0.767" /><testcase classname="tests.test_api_dashboard" name="test_agent_defaults_roundtrip" time="0.063" /><testcase classname="tests.test_api_dashboard" name="test_agent_defaults_apply_to_new_agents_only" time="2.350" /><testcase classname="tests.test_api_dashboard" name="test_create_agent_accepts_explicit_neural_preset" time="0.150" /><testcase classname="tests.test_api_dashboard" name="test_create_agent_rejects_unknown_neural_preset" time="0.055" /><testcase classname="tests.test_api_dashboard" name="test_configure_viability_mode" time="0.090" /><testcase classname="tests.test_api_dashboard" name="test_configure_curriculum_live_knobs" time="0.088" /><testcase classname="tests.test_api_dashboard" name="test_locomotion_telemetry_surfaced" time="0.068" /><testcase classname="tests.test_api_dashboard" name="test_curriculum_endpoints_removed" time="0.057" /><testcase classname="tests.test_api_dashboard" name="test_migrated_locomotion_skills_available_from_dojo" time="0.064" /><testcase classname="tests.test_api_dashboard" name="test_manual_auto_reset_endpoint_queues_body_command" time="0.071" /><testcase classname="tests.test_app" name="test_rest_create_state_delete" time="0.072" /><testcase classname="tests.test_app" name="test_websocket_streams_actions" time="0.089" /><testcase classname="tests.test_app" name="test_fast_path_collision_lowers_viability" time="0.076" /><testcase classname="tests.test_app" name="test_checkpoint_roundtrip" time="0.093" /><testcase classname="tests.test_body_map_effort" name="test_body_map_normalizes_missing_fields" time="0.001" /><testcase classname="tests.test_body_map_effort" name="test_effort_vector_includes_aggregates" time="0.001" /><testcase classname="tests.test_body_map_effort" name="test_ltm_allows_body_pain_belief_but_rejects_external_labels" time="0.001" /><testcase classname="tests.test_body_proprio" name="test_capped_floats_pad_and_truncate" time="0.001" /><testcase classname="tests.test_body_proprio" name="test_encoder_forward_without_body_arrays" time="0.002" /><testcase classname="tests.test_body_proprio" name="test_encoder_forward_with_joints_and_contacts" time="0.002" /><testcase classname="tests.test_body_proprio" name="test_perceptual_state_stores_body_proprio" time="0.001" /><testcase classname="tests.test_body_proprio" name="test_body_events_impact_and_fall" time="0.021" /><testcase classname="tests.test_body_proprio" name="test_build_body_observation_shape" time="0.012" /><testcase classname="tests.test_body_proprio" name="test_synth_audio_window_and_payload" time="0.014" /><testcase classname="tests.test_body_proprio" name="test_waveform_from_obs_decode" time="0.001" /><testcase classname="tests.test_body_proprio" name="test_perceptual_state_audio_stats" time="0.001" /><testcase classname="tests.test_body_proprio" name="test_world_graph_body_context_node" time="0.001" /><testcase classname="tests.test_brain_map" name="test_brain_topology_shape" time="0.015" /><testcase classname="tests.test_brain_map" name="test_stage_activations_in_forward" time="0.031" /><testcase classname="tests.test_brain_map" name="test_topology_endpoint_stub_404" time="0.263" /><testcase classname="tests.test_brain_map" name="test_topology_endpoint_and_preset_switch" time="0.200" /><testcase classname="tests.test_brain_map" name="test_activations_reach_cycle_trace" time="0.368" /><testcase classname="tests.test_cognition_trace" name="test_intent_contributions_sorted_and_weighted" time="0.001" /><testcase classname="tests.test_cognition_trace" name="test_intent_action_delta_sign" time="0.001" /><testcase classname="tests.test_cognition_trace" name="test_intent_empty_when_no_drive" time="0.001" /><testcase classname="tests.test_cognition_trace" name="test_surprise_labeling_and_sort" time="0.001" /><testcase classname="tests.test_cognition_trace" name="test_trace_to_dict_shape" time="0.001" /><testcase classname="tests.test_cognition_trace" name="test_narrative_template_deterministic_and_off" time="0.001" /><testcase classname="tests.test_cognition_trace" name="test_probe_readout_shape_and_value" time="0.001" /><testcase classname="tests.test_cognition_trace" name="test_probe_readout_skips_dim_mismatch" time="0.001" /><testcase classname="tests.test_cognition_trace" name="test_explain_endpoint" time="0.231" /><testcase classname="tests.test_cognition_trace" name="test_trace_does_not_change_behaviour" time="0.604" /><testcase classname="tests.test_cognition_trace" name="test_trace_only_mutates_narrative_stub" time="0.105" /><testcase classname="tests.test_consolidation" name="test_eviction_keeps_most_salient" time="0.001" /><testcase classname="tests.test_consolidation" name="test_prune_floor_rejects_low_salience" time="0.001" /><testcase classname="tests.test_consolidation" name="test_prioritized_sampling_favors_high_salience" time="0.001" /><testcase classname="tests.test_consolidation" name="test_empty_buffer_sample_is_empty" time="0.001" /><testcase classname="tests.test_consolidation" name="test_clear_empties_buffer" time="0.001" /><testcase classname="tests.test_consolidation" name="test_clone_matches_active_stack" time="0.101" /><testcase classname="tests.test_consolidation" name="test_replay_reduces_held_out_loss" time="3.705" /><testcase classname="tests.test_consolidation" name="test_soft_sync_moves_active_toward_consolidator" time="2.023" /><testcase classname="tests.test_consolidation" name="test_soft_sync_zero_tau_is_noop" time="1.168" /><testcase classname="tests.test_consolidation" name="test_soft_sync_resets_optimizer_state_only_for_large_moves" time="0.077" /><testcase classname="tests.test_consolidation" name="test_consolidation_grad_clip_default_is_one" time="0.001" /><testcase classname="tests.test_consolidation" name="test_no_transition_emitted_when_off" time="0.125" /><testcase classname="tests.test_consolidation" name="test_transition_emitted_when_on" time="0.131" /><testcase classname="tests.test_consolidation" name="test_runtime_builds_buffer_when_enabled" time="0.009" /><testcase classname="tests.test_consolidation" name="test_runtime_no_buffer_when_disabled" time="0.010" /><testcase classname="tests.test_crowd" name="test_active_habitats_has_one_parent" time="0.001" /><testcase classname="tests.test_crowd" name="test_crowd_size_env_override" time="0.001" /><testcase classname="tests.test_crowd" name="test_clamp_to_zone_pulls_inside" time="0.001" /><testcase classname="tests.test_crowd" name="test_behavior_poses" time="0.001" /><testcase classname="tests.test_crowd" name="test_parent_threshold_fades_and_floors" time="0.001" /><testcase classname="tests.test_crowd" name="test_crowd_xml_emits_all_npcs_and_resources" time="0.007" /><testcase classname="tests.test_crowd" name="test_element_lists_in_sync" time="0.009" /><testcase classname="tests.test_crowd" name="test_village_builtin_preset_resolves_to_valid_elements" time="0.001" /><testcase classname="tests.test_crowd" name="test_crowd_preserves_agent_actuator_contract" time="0.448" /><testcase classname="tests.test_crowd" name="test_crowd_all_perceived_as_npc" time="0.045" /><testcase classname="tests.test_crowd" name="test_crowd_geoms_are_collisionless" time="0.048" /><testcase classname="tests.test_crowd" name="test_crowd_zone_confinement" time="0.579" /><testcase classname="tests.test_crowd" name="test_crowd_resources_register_and_respawn" time="0.049" /><testcase classname="tests.test_crowd" name="test_crowd_credit_isolation" time="0.048" /><testcase classname="tests.test_crowd" name="test_habitat_resources_do_not_credit_learner" time="0.047" /><testcase classname="tests.test_crowd" name="test_crowd_forage_fsm_transition" time="0.047" /><testcase classname="tests.test_crowd" name="test_crowd_parent_delivers_on_need_not_timer" time="0.049" /><testcase classname="tests.test_crowd" name="test_crowd_parent_pickup_and_offer" time="0.047" /><testcase classname="tests.test_crowd" name="test_crowd_parent_counts_as_caregiver_and_accepts_request" time="0.048" /><testcase classname="tests.test_curiosity" name="test_learning_progress_zero_when_too_short" time="0.001" /><testcase classname="tests.test_curiosity" name="test_learning_progress_zero_when_flat" time="0.001" /><testcase classname="tests.test_curiosity" name="test_learning_progress_zero_when_rising" time="0.001" /><testcase classname="tests.test_curiosity" name="test_learning_progress_positive_when_falling" time="0.001" /><testcase classname="tests.test_curiosity" name="test_learning_progress_bounded_to_unit" time="0.001" /><testcase classname="tests.test_curiosity" name="test_learning_progress_zero_when_already_mastered" time="0.001" /><testcase classname="tests.test_curiosity" name="test_learning_progress_ignores_non_finite" time="0.001" /><testcase classname="tests.test_curiosity" name="test_urgency_zero_when_safe_and_full" time="0.001" /><testcase classname="tests.test_curiosity" name="test_urgency_rises_with_pain" time="0.001" /><testcase classname="tests.test_curiosity" name="test_urgency_rises_as_viability_falls" time="0.001" /><testcase classname="tests.test_curiosity" name="test_urgency_is_max_of_pain_and_deficit" time="0.001" /><testcase classname="tests.test_curiosity" name="test_permission_full_when_safe" time="0.001" /><testcase classname="tests.test_curiosity" name="test_permission_zero_when_fully_urgent" time="0.001" /><testcase classname="tests.test_curiosity" name="test_permission_sharper_with_higher_exponent" time="0.001" /><testcase classname="tests.test_curiosity" name="test_opportunity_dominated_by_progress" time="0.001" /><testcase classname="tests.test_curiosity" name="test_opportunity_has_small_error_floor" time="0.001" /><testcase classname="tests.test_curiosity" name="test_curiosity_signal_never_produces_pain" time="0.001" /><testcase classname="tests.test_curiosity" name="test_curiosity_signal_rises_with_progress" time="0.001" /><testcase classname="tests.test_curiosity" name="test_curiosity_signal_suppressed_under_pain" time="0.001" /><testcase classname="tests.test_curiosity" name="test_curiosity_signal_suppressed_under_low_viability" time="0.001" /><testcase classname="tests.test_curiosity" name="test_curiosity_signal_scaled_by_gain" time="0.001" /><testcase classname="tests.test_curiosity" name="test_state_history_is_bounded_to_window" time="0.001" /><testcase classname="tests.test_curiosity" name="test_compute_investigate_when_safe_and_learning" time="0.001" /><testcase classname="tests.test_curiosity" name="test_compute_no_investigate_when_threatened" time="0.001" /><testcase classname="tests.test_curiosity" name="test_compute_floor_drives_babble_but_not_investigate" time="0.001" /><testcase classname="tests.test_curiosity" name="test_parity_when_off" time="0.031" /><testcase classname="tests.test_curiosity" name="test_enabled_enters_affect_and_telemetry" time="0.029" /><testcase classname="tests.test_curiosity" name="test_enabled_priority_becomes_investigate" time="0.030" /><testcase classname="tests.test_curiosity" name="test_suppressed_under_low_viability_in_cycle" time="0.062" /><testcase classname="tests.test_curiosity_logging" name="test_json_formatter_stamps_iso_utc_time" time="0.001" /><testcase classname="tests.test_curiosity_logging" name="test_logs_investigate_enter" time="0.002" /><testcase classname="tests.test_curiosity_logging" name="test_enter_is_edge_triggered_not_per_cycle" time="0.002" /><testcase classname="tests.test_curiosity_logging" name="test_logs_investigate_exit" time="0.002" /><testcase classname="tests.test_curiosity_logging" name="test_no_curiosity_log_when_never_investigating" time="0.001" /><testcase classname="tests.test_curriculum_faithfulness" name="test_gradient_path_has_no_training_supervisor_import" time="0.001" /><testcase classname="tests.test_curriculum_faithfulness" name="test_skill_dojo_supervisor_never_invokes_cognition_or_loss" time="0.002" /><testcase classname="tests.test_curriculum_faithfulness" name="test_skill_dojo_agent_call_surface_is_read_config_world_only" time="0.002" /><testcase classname="tests.test_curriculum_faithfulness" name="test_eval_only_metrics_never_feed_cognition" time="0.002" /><testcase classname="tests.test_curriculum_faithfulness" name="test_live_overrides_default_to_env_parity" time="0.001" /><testcase classname="tests.test_curriculum_faithfulness" name="test_cycle_context_overrides_default_none" time="0.001" /><testcase classname="tests.test_embodied_motor" name="test_motor_head_and_forward_model_shapes" time="0.017" /><testcase classname="tests.test_embodied_motor" name="test_motor_head_receives_gradient" time="0.068" /><testcase classname="tests.test_embodied_motor" name="test_cycle_emits_motor_action_and_telemetry" time="0.046" /><testcase classname="tests.test_embodied_motor" name="test_no_body_skips_active_inference" time="0.021" /><testcase classname="tests.test_embodied_motor" name="test_assist_gain_schedule" time="0.001" /><testcase classname="tests.test_embodied_motor" name="test_motor_exploration_is_need_and_error_gated" time="0.001" /><testcase classname="tests.test_embodied_motor" name="test_assist_gain_decays_over_cycles" time="0.233" /><testcase classname="tests.test_embodied_motor" name="test_controllable_proprio_vector_layout" time="0.001" /><testcase classname="tests.test_embodied_motor" name="test_forward_model_error_trends_down" time="0.064" /><testcase classname="tests.test_embodied_motor" name="test_adapter_applies_motor_with_no_external_wrench" time="0.022" /><testcase classname="tests.test_embodied_motor" name="test_dojo_teacher_spotter_uses_force_z_and_roll_pitch_torque_only" time="0.020" /><testcase classname="tests.test_embodied_motor" name="test_dojo_teacher_spotter_disabled_leaves_external_wrench_zero" time="0.016" /><testcase classname="tests.test_embodied_motor" name="test_dojo_teacher_spotter_keeps_short_stand_finite_and_in_bounds" time="0.027" /><testcase classname="tests.test_embodied_motor" name="test_dojo_teacher_spotter_support_increases_across_height_band" time="0.020" /><testcase classname="tests.test_embodied_motor" name="test_dojo_teacher_spotter_catches_downward_velocity_before_full_drop" time="0.018" /><testcase classname="tests.test_embodied_motor" name="test_adapter_pd_tracking_moves_toward_target" time="0.055" /><testcase classname="tests.test_embodied_motor" name="test_pipeline_assist_override_pins_gain" time="0.451" /><testcase classname="tests.test_embodied_motor" name="test_runtime_configure_assist_override" time="0.003" /><testcase classname="tests.test_embodied_motor" name="test_runtime_configure_curriculum_mode" time="0.003" /><testcase classname="tests.test_embodied_motor" name="test_damage_grace_tracks_brace_engagement" time="0.003" /><testcase classname="tests.test_embodied_motor" name="test_adapter_goes_limp_and_reanimates" time="0.083" /><testcase classname="tests.test_embodied_motor" name="test_drunk_now_detects_glass_in_reach" time="0.009" /><testcase classname="tests.test_embodied_motor" name="test_default_scene_has_water_and_no_bear" time="0.017" /><testcase classname="tests.test_embodied_motor" name="test_consumable_respawns_after_delay" time="0.016" /><testcase classname="tests.test_embodied_motor" name="test_direct_visual_delivery_starts_on_head_camera_ray" time="0.019" /><testcase classname="tests.test_embodied_motor" name="test_direct_visual_delivery_suppresses_radius_until_head_arrival" time="0.193" /><testcase classname="tests.test_embodied_motor" name="test_medical_kit_near_and_direct_delivery_emit_integrity_event" time="0.195" /><testcase classname="tests.test_encoder_precision" name="test_encoder_autocast_dtype_explicit" time="0.001" /><testcase classname="tests.test_encoder_precision" name="test_cpu_encoder_is_fp32_regardless_of_flag" time="0.002" /><testcase classname="tests.test_encoder_precision" name="test_gpu_bf16_encoder_returns_finite_fp32" time="23.296" /><testcase classname="tests.test_encoder_precision" name="test_patch_token_cache_skips_redundant_forward" time="2.988" /><testcase classname="tests.test_environment_api" name="test_environment_status_when_stopped" time="0.060" /><testcase classname="tests.test_environment_api" name="test_pause_without_running_is_conflict" time="0.060" /><testcase classname="tests.test_environment_api" name="test_start_with_empty_elements_is_conflict" time="0.056" /><testcase classname="tests.test_environment_api" name="test_start_rejects_unknown_neural_preset" time="0.057" /><testcase classname="tests.test_environment_api" name="test_stop_when_idle_is_ok" time="0.050" /><testcase classname="tests.test_environment_scene" name="test_compose_scene_includes_only_selected_elements" time="0.010" /><testcase classname="tests.test_environment_scene" name="test_compose_scene_includes_npc" time="0.011" /><testcase classname="tests.test_environment_scene" name="test_compose_scene_dedupes_and_ignores_unknown" time="0.011" /><testcase classname="tests.test_environment_scene" name="test_legacy_scene_xml_still_resolves" time="0.010" /><testcase classname="tests.test_environment_scene" name="test_selectable_elements_match_supervisor" time="0.010" /><testcase classname="tests.test_environment_scene" name="test_arg_parser_agent_id_and_scenario" time="0.010" /><testcase classname="tests.test_environment_supervisor" name="test_start_pause_resume_stop" time="0.004" /><testcase classname="tests.test_environment_supervisor" name="test_delete_removes_bound_agent" time="0.004" /><testcase classname="tests.test_environment_supervisor" name="test_start_with_no_valid_elements_raises" time="0.003" /><testcase classname="tests.test_environment_supervisor" name="test_start_forwards_neural_preset_to_created_agent" time="0.004" /><testcase classname="tests.test_environment_supervisor" name="test_pause_without_running_raises" time="0.003" /><testcase classname="tests.test_environment_supervisor" name="test_replace_supersedes_running_body_and_keeps_old_agent" time="0.005" /><testcase classname="tests.test_environment_supervisor" name="test_self_port_defaults_to_project_port" time="0.001" /><testcase classname="tests.test_environment_supervisor" name="test_crowd_element_in_sync_with_adapter" time="0.010" /><testcase classname="tests.test_environment_supervisor" name="test_status_exposes_braces_option_no_legacy_presets" time="0.004" /><testcase classname="tests.test_environment_supervisor" name="test_start_braces_on_passes_braces_flag" time="0.005" /><testcase classname="tests.test_environment_supervisor" name="test_crashed_state_when_process_exits_nonzero" time="0.004" /><testcase classname="tests.test_episodic_recall_cache" name="test_hot_recall_cache_avoids_json_decode" time="0.002" /><testcase classname="tests.test_episodic_recall_cache" name="test_sql_fallback_is_salience_bounded" time="0.015" /><testcase classname="tests.test_episodic_recall_cache" name="test_recall_cache_retains_salient_old_memory" time="0.003" /><testcase classname="tests.test_episodic_recall_cache" name="test_write_behind_recall_visible_before_flush" time="0.264" /><testcase classname="tests.test_episodic_recall_cache" name="test_neural_cycle_uses_cached_memory_context" time="0.037" /><testcase classname="tests.test_episodic_returns" name="test_lambda_one_is_full_discounted_return" time="0.001" /><testcase classname="tests.test_episodic_returns" name="test_lambda_less_than_one_smears_distal_reward_extra" time="0.001" /><testcase classname="tests.test_episodic_returns" name="test_td0_uses_value_bootstrap" time="0.001" /><testcase classname="tests.test_episodic_returns" name="test_vector_returns_match_scalar_for_1d" time="0.001" /><testcase classname="tests.test_episodic_returns" name="test_empty_returns" time="0.001" /><testcase classname="tests.test_episodic_returns" name="test_transition_defaults_are_inert" time="0.001" /><testcase classname="tests.test_episodic_returns" name="test_accumulator_annotates_returns_in_place" time="0.001" /><testcase classname="tests.test_episodic_returns" name="test_accumulator_skips_featureless_steps" time="0.001" /><testcase classname="tests.test_episodic_returns" name="test_reset_drops_open_episode" time="0.001" /><testcase classname="tests.test_episodic_returns" name="test_achieved_feature_sums_phi" time="0.001" /><testcase classname="tests.test_episodic_returns" name="test_hindsight_copies_are_independent_and_bootstrapped" time="0.001" /><testcase classname="tests.test_episodic_returns" name="test_hindsight_copies_push_into_buffer" time="0.001" /><testcase classname="tests.test_evaluation" name="test_metric_trend_handles_rising_flat_and_nonfinite" time="0.001" /><testcase classname="tests.test_evaluation" name="test_gate_evaluator_reports_pass_and_fail" time="0.001" /><testcase classname="tests.test_evaluation" name="test_gate_evaluator_identifies_discovery_namespace_mismatch" time="0.001" /><testcase classname="tests.test_evaluation" name="test_normalize_eval_metrics_flattens_discovery_for_gates" time="0.001" /><testcase classname="tests.test_evaluation" name="test_eval_window_uses_relative_observed_cycles" time="0.001" /><testcase classname="tests.test_evaluation" name="test_build_report_passes_resource_like_stream" time="0.001" /><testcase classname="tests.test_evaluation" name="test_build_report_fails_dominant_loss_and_canary" time="0.002" /><testcase classname="tests.test_evaluation" name="test_dojo_status_is_included" time="0.001" /><testcase classname="tests.test_evaluation" name="test_probe_bank_parser" time="0.010" /><testcase classname="tests.test_evaluation" name="test_holdout_split_never_samples_holdout_for_train" time="0.003" /><testcase classname="tests.test_evaluation_routes" name="test_eval_scenarios_available_without_agent" time="0.060" /><testcase classname="tests.test_evaluation_routes" name="test_eval_reports_empty_and_fetch" time="0.070" /><testcase classname="tests.test_evaluation_routes" name="test_eval_start_refuses_second_job_and_stop" time="1.091" /><testcase classname="tests.test_evaluation_routes" name="test_eval_status_reports_no_body_warning" time="0.052" /><testcase classname="tests.test_faculties" name="test_inherent_defaults_are_on" time="0.001" /><testcase classname="tests.test_faculties" name="test_faculties_validation_and_serialization" time="0.001" /><testcase classname="tests.test_faculties" name="test_try_build_threads_faculties" time="0.032" /><testcase classname="tests.test_faculties" name="test_configure_rebuilds_on_faculty_toggle" time="0.032" /><testcase classname="tests.test_faculties" name="test_configure_observation_toggle_is_live" time="0.010" /><testcase classname="tests.test_faculties" name="test_configure_episodic_async_toggle_is_live" time="0.012" /><testcase classname="tests.test_faculties" name="test_configure_ltm_async_toggle_is_live" time="0.012" /><testcase classname="tests.test_faculties" name="test_checkpoint_roundtrips_faculties" time="0.073" /><testcase classname="tests.test_give_resource" name="test_give_water_credits_hydration_and_pleasure" time="0.006" /><testcase classname="tests.test_give_resource" name="test_give_food_credits_energy" time="0.006" /><testcase classname="tests.test_give_resource" name="test_give_medical_kit_credits_integrity" time="0.007" /><testcase classname="tests.test_give_resource" name="test_give_resource_amount_override" time="0.005" /><testcase classname="tests.test_give_resource" name="test_give_resource_immortal_registers_pleasure_without_credit" time="0.005" /><testcase classname="tests.test_give_resource" name="test_give_resource_rejects_unknown_resource" time="0.005" /><testcase classname="tests.test_give_resource" name="test_give_endpoint_admin_ok" time="0.085" /><testcase classname="tests.test_give_resource" name="test_give_endpoint_direct_queues_visual_delivery" time="0.087" /><testcase classname="tests.test_give_resource" name="test_give_endpoint_medical_direct_command" time="0.078" /><testcase classname="tests.test_give_resource" name="test_give_endpoint_medical_near_command" time="0.092" /><testcase classname="tests.test_give_resource" name="test_give_endpoint_missing_resource_in_running_scenario_409" time="0.072" /><testcase classname="tests.test_give_resource" name="test_give_endpoint_unknown_agent_404" time="0.053" /><testcase classname="tests.test_give_resource" name="test_give_endpoint_bad_resource_400" time="0.079" /><testcase classname="tests.test_give_resource" name="test_give_endpoint_bad_mode_400" time="0.071" /><testcase classname="tests.test_give_resource" name="test_give_endpoint_direct_without_body_409" time="0.071" /><testcase classname="tests.test_give_resource" name="test_give_endpoint_near_without_body_409" time="0.088" /><testcase classname="tests.test_global_workspace" name="test_no_candidates_no_ignition" time="0.001" /><testcase classname="tests.test_global_workspace" name="test_zero_salience_no_ignition" time="0.001" /><testcase classname="tests.test_global_workspace" name="test_below_threshold_holds_prior" time="0.001" /><testcase classname="tests.test_global_workspace" name="test_above_threshold_ignites_and_broadcasts" time="0.001" /><testcase classname="tests.test_global_workspace" name="test_capacity_expands_coalition" time="0.001" /><testcase classname="tests.test_global_workspace" name="test_workspace_candidates_from_working_memory" time="0.001" /><testcase classname="tests.test_global_workspace" name="test_pipeline_gwt_on_diverges_from_ema" time="0.213" /><testcase classname="tests.test_global_workspace" name="test_configure_gwt_toggle_is_live" time="0.011" /><testcase classname="tests.test_goal_lifecycle" name="test_no_goal_when_full" time="0.001" /><testcase classname="tests.test_goal_lifecycle" name="test_latches_dominant_deficit" time="0.001" /><testcase classname="tests.test_goal_lifecycle" name="test_closes_on_achievement_without_reopen" time="0.001" /><testcase classname="tests.test_goal_lifecycle" name="test_achievement_reopens_if_another_need_presses" time="0.001" /><testcase classname="tests.test_goal_lifecycle" name="test_abandons_after_persistent_mismatch_then_reopens" time="0.001" /><testcase classname="tests.test_goal_lifecycle" name="test_truncates_overlong_episode" time="0.001" /><testcase classname="tests.test_goal_lifecycle" name="test_death_closes_open_goal" time="0.001" /><testcase classname="tests.test_goal_lifecycle" name="test_dwell_is_zero_when_idle" time="0.001" /><testcase classname="tests.test_growth" name="test_awake_starts_at_preset_width" time="0.002" /><testcase classname="tests.test_growth" name="test_growth_wakes_up_to_ceiling_never_beyond" time="0.003" /><testcase classname="tests.test_growth" name="test_set_ceiling_sleeps_neurons" time="0.003" /><testcase classname="tests.test_growth" name="test_external_dims_invariant_under_growth" time="0.003" /><testcase classname="tests.test_growth" name="test_newly_woken_neuron_is_function_preserving" time="0.007" /><testcase classname="tests.test_growth" name="test_optimizer_param_count_stable_across_growth" time="0.002" /><testcase classname="tests.test_growth" name="test_checkpoint_preserves_awake_set" time="0.003" /><testcase classname="tests.test_growth" name="test_brain_map_neuron_total_rises_with_growth" time="0.021" /><testcase classname="tests.test_hardware_diagnostics" name="test_cuda_required_rejects_cpu_device" time="0.001" /><testcase classname="tests.test_hardware_diagnostics" name="test_cuda_not_required_allows_cpu_device" time="0.001" /><testcase classname="tests.test_homeostasis" name="test_viability_is_min_of_reservoirs" time="0.001" /><testcase classname="tests.test_homeostasis" name="test_reservoir_deltas_clamp_to_bounds" time="0.001" /><testcase classname="tests.test_homeostasis" name="test_classify_events_routes_per_reservoir" time="0.001" /><testcase classname="tests.test_homeostasis" name="test_classify_events_caps_integrity_damage" time="0.001" /><testcase classname="tests.test_homeostasis" name="test_fall_is_superficial_and_heals" time="0.001" /><testcase classname="tests.test_homeostasis" name="test_passive_metabolism_thirst_drains_faster_than_hunger" time="0.001" /><testcase classname="tests.test_homeostasis" name="test_integrity_heals_only_when_fed_and_hydrated" time="0.001" /><testcase classname="tests.test_homeostasis" name="test_stress_accelerates_depletion" time="0.001" /><testcase classname="tests.test_homeostasis" name="test_compression_fast_forwards_clock" time="0.001" /><testcase classname="tests.test_homeostasis" name="test_compression_fast_forwards_healing" time="0.001" /><testcase classname="tests.test_homeostasis" name="test_prediction_error_does_not_drain_viability" time="0.006" /><testcase classname="tests.test_homeostasis" name="test_runtime_routes_events_to_reservoirs" time="0.005" /><testcase classname="tests.test_homeostasis" name="test_immortal_mode_pins_and_disables_death" time="0.003" /><testcase classname="tests.test_homeostasis" name="test_immortal_mode_ignores_damage" time="0.004" /><testcase classname="tests.test_homeostasis" name="test_immortal_revives_dead_agent" time="0.005" /><testcase classname="tests.test_homeostasis" name="test_time_to_death_is_hydration_bound" time="0.003" /><testcase classname="tests.test_homeostasis" name="test_configure_compression_roundtrips" time="0.003" /><testcase classname="tests.test_homeostatic_drive" name="test_drive_pain_zero_when_full" time="0.001" /><testcase classname="tests.test_homeostatic_drive" name="test_drive_pain_has_no_dead_zone" time="0.001" /><testcase classname="tests.test_homeostatic_drive" name="test_drive_pain_is_convex" time="0.001" /><testcase classname="tests.test_homeostatic_drive" name="test_drive_pain_compounds_across_reservoirs" time="0.001" /><testcase classname="tests.test_homeostatic_drive" name="test_drive_pain_monotonic_in_deficit" time="0.001" /><testcase classname="tests.test_homeostatic_drive" name="test_drive_pain_exponent_controls_convexity" time="0.001" /><testcase classname="tests.test_homeostatic_drive" name="test_drive_pain_bounded_and_gain_scaled" time="0.001" /><testcase classname="tests.test_homeostatic_drive" name="test_controllable_intero_vector_normalizes" time="0.001" /><testcase classname="tests.test_homeostatic_drive" name="test_controllable_intero_vector_none_is_full" time="0.001" /><testcase classname="tests.test_homeostatic_drive" name="test_preferred_intero_is_full_setpoint" time="0.001" /><testcase classname="tests.test_homeostatic_drive" name="test_intero_head_always_built" time="0.010" /><testcase classname="tests.test_homeostatic_drive" name="test_forward_predict_intero_shapes" time="0.010" /><testcase classname="tests.test_homeostatic_drive" name="test_intero_world_model_learns_transition" time="0.126" /><testcase classname="tests.test_homeostatic_drive" name="test_detached_params_route_gradient_to_policy_not_world_model" time="0.010" /><testcase classname="tests.test_homeostatic_drive" name="test_drive_on_by_default_with_depleted_reservoir" time="0.034" /><testcase classname="tests.test_homeostatic_drive" name="test_unmet_need_keeps_exploring_and_drive_falls_on_refill" time="0.207" /><testcase classname="tests.test_homeostatic_reward" name="test_reward_fires_only_on_falling_drive" time="0.001" /><testcase classname="tests.test_homeostatic_reward" name="test_reward_zero_when_drive_rises_or_flat" time="0.001" /><testcase classname="tests.test_homeostatic_reward" name="test_reward_is_bounded_to_unit_interval" time="0.001" /><testcase classname="tests.test_homeostatic_reward" name="test_reward_zero_gain_is_silent" time="0.001" /><testcase classname="tests.test_homeostatic_reward" name="test_reward_is_relief_complement_of_drive_pain" time="0.001" /><testcase classname="tests.test_homeostatic_reward" name="test_pe_stub_weight_defaults_to_zero" time="0.001" /><testcase classname="tests.test_homeostatic_reward" name="test_pe_stub_weight_reads_env" time="0.001" /><testcase classname="tests.test_homeostatic_reward" name="test_prev_drive_pressure_round_trips_through_checkpoint" time="0.005" /><testcase classname="tests.test_homeostatic_reward" name="test_pe_delta_is_pure_pc_loss_at_zero_weight" time="0.029" /><testcase classname="tests.test_homeostatic_reward" name="test_drive_reduction_reward_drives_felt_relief" time="0.053" /><testcase classname="tests.test_homeostatic_reward" name="test_disabled_path_never_touches_prev_drive_pressure" time="0.054" /><testcase classname="tests.test_integration_window" name="test_zero_window_is_passthrough" time="0.001" /><testcase classname="tests.test_integration_window" name="test_closes_on_frame_cap_and_binds_mean" time="0.001" /><testcase classname="tests.test_integration_window" name="test_closes_on_time" time="0.001" /><testcase classname="tests.test_integration_window" name="test_reopens_after_commit" time="0.001" /><testcase classname="tests.test_integration_window" name="test_pipeline_holds_committed_now" time="0.050" /><testcase classname="tests.test_integration_window" name="test_configure_window_is_live" time="0.012" /><testcase classname="tests.test_jsonl_writer" name="test_flush_writes_all_lines" time="0.025" /><testcase classname="tests.test_jsonl_writer" name="test_content_is_byte_identical_to_enqueued" time="0.011" /><testcase classname="tests.test_jsonl_writer" name="test_backpressure_never_drops" time="0.033" /><testcase classname="tests.test_jsonl_writer" name="test_singleton_is_stable" time="0.001" /><testcase classname="tests.test_jsonl_writer" name="test_close_then_reuse_relazy_starts" time="0.012" /><testcase classname="tests.test_landscape" name="test_filter_normalized_dirs_match_filter_norms" time="0.081" /><testcase classname="tests.test_landscape" name="test_directions_deterministic_with_seed" time="0.096" /><testcase classname="tests.test_landscape" name="test_grid_shape_and_finiteness" time="1.788" /><testcase classname="tests.test_landscape" name="test_center_loss_matches_held_out" time="0.770" /><testcase classname="tests.test_landscape" name="test_probe_does_not_mutate_live_weights" time="1.144" /><testcase classname="tests.test_landscape" name="test_empty_batch_returns_none" time="0.062" /><testcase classname="tests.test_landscape" name="test_grid_is_clamped" time="20.026" /><testcase classname="tests.test_landscape" name="test_runtime_no_landscape_task_when_off" time="0.011" /><testcase classname="tests.test_landscape" name="test_landscape_endpoint_unknown_agent_404" time="0.056" /><testcase classname="tests.test_landscape" name="test_landscape_endpoint_warming_up_202" time="0.139" /><testcase classname="tests.test_landscape" name="test_landscape_endpoint_returns_cached_surface_200" time="0.138" /><testcase classname="tests.test_logging_async" name="test_root_holds_only_a_queue_handler" time="0.006" /><testcase classname="tests.test_logging_async" name="test_records_drain_to_file_and_flush_on_stop" time="0.015" /><testcase classname="tests.test_logging_async" name="test_setup_is_idempotent" time="0.007" /><testcase classname="tests.test_ltm_write_behind" name="test_async_counts_match_sync_after_flush" time="0.034" /><testcase classname="tests.test_ltm_write_behind" name="test_async_persists_after_flush_and_reopen" time="0.038" /><testcase classname="tests.test_ltm_write_behind" name="test_clear_flushes_then_wipes" time="0.020" /><testcase classname="tests.test_ltm_write_behind" name="test_backpressure_never_drops_and_keeps_order" time="0.035" /><testcase classname="tests.test_ltm_write_behind" name="test_born_disabled_has_no_worker_and_consolidates_synchronously" time="0.012" /><testcase classname="tests.test_ltm_write_behind" name="test_live_toggle_off_on_preserves_state" time="0.023" /><testcase classname="tests.test_ltm_write_behind" name="test_full_consolidation_job_updates_semantics_and_scene_edges" time="0.013" /><testcase classname="tests.test_ltm_write_behind" name="test_semantic_evidence_interval_throttles_low_salience_jobs" time="0.012" /><testcase classname="tests.test_memory_efficient_training" name="test_config_default_on" time="0.001" /><testcase classname="tests.test_memory_efficient_training" name="test_build_optimizer_default_is_fp32_adam" time="0.001" /><testcase classname="tests.test_memory_efficient_training" name="test_build_optimizer_cpu_falls_back_when_requested" time="0.001" /><testcase classname="tests.test_memory_efficient_training" name="test_train_autocast_is_nullcontext_on_cpu" time="0.050" /><testcase classname="tests.test_memory_efficient_training" name="test_sweep_zero_sigma_is_exact_parity" time="0.123" /><testcase classname="tests.test_memory_efficient_training" name="test_sweep_learned_sigma_produces_finite_reading" time="0.153" /><testcase classname="tests.test_mortality" name="test_death_on_zero_writes_tombstone" time="0.014" /><testcase classname="tests.test_mortality" name="test_revive_restores_same_mind" time="0.005" /><testcase classname="tests.test_mortality" name="test_reincarnate_via_reset_from_dead" time="0.004" /><testcase classname="tests.test_mortality" name="test_no_double_death" time="0.003" /><testcase classname="tests.test_nan_firewall" name="test_nan_firewall_recovers_without_destroying_brain" time="0.055" /><testcase classname="tests.test_nan_firewall" name="test_clean_run_never_triggers_firewall" time="0.104" /><testcase classname="tests.test_neural_cycle" name="test_neural_cycle_smoke" time="0.029" /><testcase classname="tests.test_neural_integration" name="test_neural_ws_updates_metrics" time="0.154" /><testcase classname="tests.test_neural_integration" name="test_neural_checkpoint_brain_file_and_restore_cycle" time="0.703" /><testcase classname="tests.test_neural_integration" name="test_memory_similar_after_two_cycles" time="0.352" /><testcase classname="tests.test_neural_integration" name="test_recent_memory_includes_embedding" time="0.233" /><testcase classname="tests.test_neural_presets" name="test_valid_presets_cover_the_ladder" time="0.002" /><testcase classname="tests.test_neural_presets" name="test_resolve_preset_unknown_falls_back_to_tiny" time="0.002" /><testcase classname="tests.test_neural_presets" name="test_legacy_presets_byte_identical_after_refactor[tiny]" time="0.002" /><testcase classname="tests.test_neural_presets" name="test_legacy_presets_byte_identical_after_refactor[medium]" time="0.002" /><testcase classname="tests.test_neural_presets" name="test_legacy_presets_byte_identical_after_refactor[full]" time="0.002" /><testcase classname="tests.test_neural_presets" name="test_legacy_presets_byte_identical_after_refactor[xl]" time="0.002" /><testcase classname="tests.test_neural_presets" name="test_legacy_presets_byte_identical_after_refactor[xxl]" time="0.001" /><testcase classname="tests.test_neural_presets" name="test_legacy_presets_byte_identical_after_refactor[ultra]" time="0.001" /><testcase classname="tests.test_neural_presets" name="test_interface_dims_fixed_across_presets[tiny]" time="0.001" /><testcase classname="tests.test_neural_presets" name="test_interface_dims_fixed_across_presets[2_5m]" time="0.001" /><testcase classname="tests.test_neural_presets" name="test_interface_dims_fixed_across_presets[5m]" time="0.001" /><testcase classname="tests.test_neural_presets" name="test_interface_dims_fixed_across_presets[medium]" time="0.001" /><testcase classname="tests.test_neural_presets" name="test_interface_dims_fixed_across_presets[10m]" time="0.001" /><testcase classname="tests.test_neural_presets" name="test_interface_dims_fixed_across_presets[full]" time="0.001" /><testcase classname="tests.test_neural_presets" name="test_interface_dims_fixed_across_presets[xl]" time="0.001" /><testcase classname="tests.test_neural_presets" name="test_interface_dims_fixed_across_presets[xxl]" time="0.001" /><testcase classname="tests.test_neural_presets" name="test_interface_dims_fixed_across_presets[ultra]" time="0.001" /><testcase classname="tests.test_neural_presets" name="test_interface_dims_fixed_across_presets[250m]" time="0.001" /><testcase classname="tests.test_neural_presets" name="test_interface_dims_fixed_across_presets[500m]" time="0.001" /><testcase classname="tests.test_neural_presets" name="test_interface_dims_fixed_across_presets[1b]" time="0.001" /><testcase classname="tests.test_neural_presets" name="test_heads_divide_d_model[tiny]" time="0.001" /><testcase classname="tests.test_neural_presets" name="test_heads_divide_d_model[2_5m]" time="0.001" /><testcase classname="tests.test_neural_presets" name="test_heads_divide_d_model[5m]" time="0.001" /><testcase classname="tests.test_neural_presets" name="test_heads_divide_d_model[medium]" time="0.002" /><testcase classname="tests.test_neural_presets" name="test_heads_divide_d_model[10m]" time="0.002" /><testcase classname="tests.test_neural_presets" name="test_heads_divide_d_model[full]" time="0.002" /><testcase classname="tests.test_neural_presets" name="test_heads_divide_d_model[xl]" time="0.002" /><testcase classname="tests.test_neural_presets" name="test_heads_divide_d_model[xxl]" time="0.002" /><testcase classname="tests.test_neural_presets" name="test_heads_divide_d_model[ultra]" time="0.001" /><testcase classname="tests.test_neural_presets" name="test_heads_divide_d_model[250m]" time="0.001" /><testcase classname="tests.test_neural_presets" name="test_heads_divide_d_model[500m]" time="0.001" /><testcase classname="tests.test_neural_presets" name="test_heads_divide_d_model[1b]" time="0.001" /><testcase classname="tests.test_neural_presets" name="test_light_presets_build_and_match_labels[tiny]" time="0.012" /><testcase classname="tests.test_neural_presets" name="test_light_presets_build_and_match_labels[2_5m]" time="0.019" /><testcase classname="tests.test_neural_presets" name="test_light_presets_build_and_match_labels[5m]" time="0.029" /><testcase classname="tests.test_neural_presets" name="test_light_presets_build_and_match_labels[medium]" time="0.038" /><testcase classname="tests.test_neural_presets" name="test_light_presets_build_and_match_labels[10m]" time="0.039" /><testcase classname="tests.test_neural_presets" name="test_heavy_presets_build_and_match_labels[full]" time="0.000"><skipped type="pytest.skip" message="set DECADIC_TEST_HEAVY=1 to build heavy tiers">D:\Users\charl\software\Self-Determination Model\tests\test_neural_presets.py:142: set DECADIC_TEST_HEAVY=1 to build heavy tiers</skipped></testcase><testcase classname="tests.test_neural_presets" name="test_heavy_presets_build_and_match_labels[xl]" time="0.000"><skipped type="pytest.skip" message="set DECADIC_TEST_HEAVY=1 to build heavy tiers">D:\Users\charl\software\Self-Determination Model\tests\test_neural_presets.py:142: set DECADIC_TEST_HEAVY=1 to build heavy tiers</skipped></testcase><testcase classname="tests.test_neural_presets" name="test_heavy_presets_build_and_match_labels[xxl]" time="0.000"><skipped type="pytest.skip" message="set DECADIC_TEST_HEAVY=1 to build heavy tiers">D:\Users\charl\software\Self-Determination Model\tests\test_neural_presets.py:142: set DECADIC_TEST_HEAVY=1 to build heavy tiers</skipped></testcase><testcase classname="tests.test_neural_presets" name="test_heavy_presets_build_and_match_labels[ultra]" time="0.000"><skipped type="pytest.skip" message="set DECADIC_TEST_HEAVY=1 to build heavy tiers">D:\Users\charl\software\Self-Determination Model\tests\test_neural_presets.py:142: set DECADIC_TEST_HEAVY=1 to build heavy tiers</skipped></testcase><testcase classname="tests.test_neural_presets" name="test_heavy_presets_build_and_match_labels[250m]" time="0.000"><skipped type="pytest.skip" message="set DECADIC_TEST_HEAVY=1 to build heavy tiers">D:\Users\charl\software\Self-Determination Model\tests\test_neural_presets.py:142: set DECADIC_TEST_HEAVY=1 to build heavy tiers</skipped></testcase><testcase classname="tests.test_neural_presets" name="test_heavy_presets_build_and_match_labels[500m]" time="0.000"><skipped type="pytest.skip" message="set DECADIC_TEST_HEAVY=1 to build heavy tiers">D:\Users\charl\software\Self-Determination Model\tests\test_neural_presets.py:142: set DECADIC_TEST_HEAVY=1 to build heavy tiers</skipped></testcase><testcase classname="tests.test_neural_presets" name="test_heavy_presets_build_and_match_labels[1b]" time="0.000"><skipped type="pytest.skip" message="set DECADIC_TEST_HEAVY=1 to build heavy tiers">D:\Users\charl\software\Self-Determination Model\tests\test_neural_presets.py:142: set DECADIC_TEST_HEAVY=1 to build heavy tiers</skipped></testcase><testcase classname="tests.test_npc" name="test_classify_events_ignores_npc_consumption" time="0.001" /><testcase classname="tests.test_npc" name="test_offer_builds_positive_social_affect" time="0.001" /><testcase classname="tests.test_npc" name="test_build_observation_includes_npc_entity" time="0.011" /><testcase classname="tests.test_npc" name="test_npc_preserves_agent_actuator_contract" time="0.019" /><testcase classname="tests.test_npc" name="test_npc_fsm_eats_drinks_and_offers" time="0.020" /><testcase classname="tests.test_npc" name="test_parent_delivery_is_need_threshold_gated" time="0.019" /><testcase classname="tests.test_npc" name="test_parent_explicit_request_selects_visible_gift" time="0.020" /><testcase classname="tests.test_npc" name="test_npc_walks_and_stays_upright" time="0.272" /><testcase classname="tests.test_npc" name="test_npc_pause_freezes_in_place" time="0.270" /><testcase classname="tests.test_object_files" name="test_slot_centroids_separated_and_uniform" time="0.007" /><testcase classname="tests.test_object_files" name="test_object_file_serialization_and_no_semantic_labels" time="0.001" /><testcase classname="tests.test_object_files" name="test_discovery_health_detects_center_collapse" time="0.001" /><testcase classname="tests.test_object_files" name="test_uniform_extended_region_is_provisional_entity" time="0.001" /><testcase classname="tests.test_object_files" name="test_ltm_skips_unhealthy_slots_and_keeps_copresent_slots_distinct" time="0.001" /><testcase classname="tests.test_objective_health" name="test_loss_canary_jump_ratio_fires_during_warmup" time="0.001" /><testcase classname="tests.test_objective_health" name="test_loss_canary_nonfinite_fires_on_first_cycle" time="0.001" /><testcase classname="tests.test_objective_health" name="test_loss_canary_ema_waits_for_warmup" time="0.001" /><testcase classname="tests.test_parallel_sessions" name="test_batched_encode_shape_and_parity" time="0.001" /><testcase classname="tests.test_parallel_sessions" name="test_empty_and_none_observations" time="0.001" /><testcase classname="tests.test_parallel_sessions" name="test_pool_fused_k1_parity" time="0.001" /><testcase classname="tests.test_parallel_sessions" name="test_pool_fused_recency_weights_favor_latest" time="0.001" /><testcase classname="tests.test_parallel_sessions" name="test_pool_fused_gradient_flows_through_latest_only" time="0.002" /><testcase classname="tests.test_parallel_sessions" name="test_default_perceptual_pipeline_capacity_is_ten" time="0.003" /><testcase classname="tests.test_parallel_sessions" name="test_perception_ready_buffer_commits_in_sequence" time="0.003" /><testcase classname="tests.test_parallel_sessions" name="test_configure_perceptual_processing_mode" time="0.002" /><testcase classname="tests.test_perception_discovery" name="test_slot_attention_output_shapes" time="0.007" /><testcase classname="tests.test_perception_discovery" name="test_slot_attention_recon_loss_decreases" time="0.731" /><testcase classname="tests.test_perception_discovery" name="test_uv_to_bearing_and_proposals" time="0.001" /><testcase classname="tests.test_perception_discovery" name="test_extract_proposals_filters_by_presence" time="0.001" /><testcase classname="tests.test_perception_discovery" name="test_association_keeps_stable_id_across_motion" time="0.001" /><testcase classname="tests.test_perception_discovery" name="test_association_coins_new_id_for_distinct_object" time="0.001" /><testcase classname="tests.test_perception_discovery" name="test_association_returns_realized_image_motion" time="0.001" /><testcase classname="tests.test_perception_discovery" name="test_agency_head_efference_beats_baseline_on_held_out_motion" time="0.364" /><testcase classname="tests.test_perception_discovery" name="test_update_agency_promotes_hand_not_static_prop" time="0.001" /><testcase classname="tests.test_perception_discovery" name="test_update_agency_demotes_when_agency_collapses" time="0.001" /><testcase classname="tests.test_perception_discovery" name="test_self_part_emits_agency_edge" time="0.001" /><testcase classname="tests.test_perception_discovery" name="test_discovery_metrics_precision_recall" time="0.001" /><testcase classname="tests.test_perception_discovery" name="test_discovery_metrics_id_stability_rises_with_stable_ids" time="0.001" /><testcase classname="tests.test_perception_discovery" name="test_discovery_metrics_body_part_accuracy" time="0.001" /><testcase classname="tests.test_perception_discovery" name="test_discovered_mode_graph_omits_oracle_entities" time="0.001" /><testcase classname="tests.test_perception_discovery" name="test_discovered_mode_builds_with_empty_oracle" time="0.001" /><testcase classname="tests.test_perception_discovery" name="test_perception_mode_defaults_to_discovered" time="0.001" /><testcase classname="tests.test_perception_discovery" name="test_oracle_mode_graph_unchanged" time="0.001" /><testcase classname="tests.test_perception_feedback" name="test_flag_off_is_pure_bottom_up_parity" time="0.009" /><testcase classname="tests.test_perception_feedback" name="test_flag_on_builds_modules_and_returns_blend" time="0.009" /><testcase classname="tests.test_perception_feedback" name="test_gate_one_is_exact_identity" time="0.010" /><testcase classname="tests.test_perception_feedback" name="test_gate_zero_collapses_to_prediction" time="0.010" /><testcase classname="tests.test_perception_feedback" name="test_blend_is_kalman_form" time="0.010" /><testcase classname="tests.test_perception_feedback" name="test_context_handles_missing_history" time="0.008" /><testcase classname="tests.test_perception_feedback" name="test_top_down_learns_to_predict_percept" time="0.123" /><testcase classname="tests.test_perception_feedback" name="test_gate_receives_gradient" time="0.011" /><testcase classname="tests.test_perception_feedback" name="test_embedding_dim_includes_perceptual_key" time="0.001" /><testcase classname="tests.test_perception_feedback" name="test_perceptual_key_is_deterministic_and_normalized" time="0.001" /><testcase classname="tests.test_perception_feedback" name="test_query_and_stored_share_the_perceptual_layout" time="0.001" /><testcase classname="tests.test_perception_feedback" name="test_zero_key_preserves_cosine_ranking" time="0.001" /><testcase classname="tests.test_perception_feedback" name="test_old_length_rows_are_skipped" time="0.001" /><testcase classname="tests.test_perception_organ" name="test_retinotopic_map_preserves_image_position" time="0.010" /><testcase classname="tests.test_perception_organ" name="test_flow_confidence_separates_global_from_local_motion" time="0.004" /><testcase classname="tests.test_perception_organ" name="test_retinotopic_bootstrap_prevents_empty_slot_starvation" time="0.003" /><testcase classname="tests.test_perception_organ" name="test_retinotopic_bootstrap_can_emit_more_than_seven_candidates" time="0.004" /><testcase classname="tests.test_perception_organ" name="test_body_candidate_uses_motion_motor_and_touch" time="0.002" /><testcase classname="tests.test_perception_organ" name="test_bootstrap_frames_are_offline_and_label_free" time="0.012" /><testcase classname="tests.test_perception_organ" name="test_health_state_contract_lists_required_states" time="0.001" /><testcase classname="tests.test_persistence_hardening" name="test_sqlite_connection_uses_wal_and_normal_sync" time="0.011" /><testcase classname="tests.test_persistence_hardening" name="test_episodic_writes_blob_and_reads_legacy_json" time="0.040" /><testcase classname="tests.test_persistence_hardening" name="test_episodic_write_behind_batches_commits" time="0.025" /><testcase classname="tests.test_persistence_hardening" name="test_episodic_db_retention_keeps_recent_and_salient" time="0.015" /><testcase classname="tests.test_persistence_hardening" name="test_ltm_job_batches_to_one_commit_and_uses_blob" time="0.031" /><testcase classname="tests.test_persistence_hardening" name="test_ltm_retention_keeps_belief_nodes_and_promoted_values" time="0.011" /><testcase classname="tests.test_persistent_mental_image" name="test_persistent_image_accumulates_from_the_input_feed" time="0.138" /><testcase classname="tests.test_persistent_mental_image" name="test_perception_fills_in_from_memory_under_occlusion" time="0.180" /><testcase classname="tests.test_persistent_mental_image" name="test_recurrent_reset_clears_image_but_not_the_model" time="0.093" /><testcase classname="tests.test_pipeline" name="test_run_cycle_advances_index_and_emits_action" time="0.002" /><testcase classname="tests.test_plasticity" name="test_alpha_zero_is_identity_to_base_mlp" time="0.002" /><testcase classname="tests.test_plasticity" name="test_hebbian_update_changes_effective_weights" time="0.002" /><testcase classname="tests.test_plasticity" name="test_effective_alpha_gate_is_separate_from_configured_alpha" time="0.001" /><testcase classname="tests.test_plasticity" name="test_overlay_cap_bounds_effective_hebbian_weight_delta" time="0.005" /><testcase classname="tests.test_plasticity" name="test_modulation_sign_flips_potentiation" time="0.002" /><testcase classname="tests.test_plasticity" name="test_trace_decays_with_zero_modulation" time="0.003" /><testcase classname="tests.test_plasticity" name="test_backprop_flows_through_weights_but_not_guardian_alpha_ceiling" time="0.002" /><testcase classname="tests.test_plasticity" name="test_save_load_roundtrips_trace" time="0.002" /><testcase classname="tests.test_plasticity_logging" name="test_cycle_emits_rewire_and_growth_edge_flags" time="0.136" /><testcase classname="tests.test_plasticity_logging" name="test_froze_edge_flag_on_instability" time="0.066" /><testcase classname="tests.test_plasticity_logging" name="test_runtime_logs_rewire_and_growth" time="0.002" /><testcase classname="tests.test_plasticity_logging" name="test_runtime_logs_freeze_warning" time="0.001" /><testcase classname="tests.test_plasticity_logging" name="test_runtime_no_event_logs_when_quiet" time="0.001" /><testcase classname="tests.test_plasticity_logging" name="test_runtime_snapshot_when_enabled" time="0.001" /><testcase classname="tests.test_plasticity_parity" name="test_default_stack_uses_plain_sequential" time="0.009" /><testcase classname="tests.test_plasticity_parity" name="test_flags_off_is_identical_to_no_flags" time="0.032" /><testcase classname="tests.test_plasticity_parity" name="test_plasticity_controllers_are_noops_when_off" time="0.009" /><testcase classname="tests.test_plasticity_stability" name="test_long_run_all_features_stays_finite" time="1.284" /><testcase classname="tests.test_plasticity_stability" name="test_nan_injection_trips_guard_and_recovers" time="0.153" /><testcase classname="tests.test_plasticity_stability" name="test_guardian_warms_effective_alpha_after_stable_pc_loss" time="0.099" /><testcase classname="tests.test_plasticity_stability" name="test_guardian_freezes_and_thaws_after_recovery_dwell" time="0.038" /><testcase classname="tests.test_predecode" name="test_predecode_is_noop_in_zeros_mode" time="0.002" /><testcase classname="tests.test_predecode" name="test_predecode_stashes_and_matches_inline_decode" time="3.281" /><testcase classname="tests.test_predecode" name="test_predecode_no_image_stashes_none_and_yields_zeros" time="0.002" /><testcase classname="tests.test_predictive_affect" name="test_predictor_zero_init_returns_zero_delta" time="0.002" /><testcase classname="tests.test_predictive_affect" name="test_predictor_learns_nonzero_delta" time="0.002" /><testcase classname="tests.test_predictive_affect" name="test_default_off_has_no_predictor" time="0.008" /><testcase classname="tests.test_predictive_affect" name="test_flag_on_builds_zero_init_predictor" time="0.008" /><testcase classname="tests.test_predictive_affect" name="test_from_env_threads_faculty" time="0.001" /><testcase classname="tests.test_predictive_affect" name="test_config_default_on" time="0.001" /><testcase classname="tests.test_predictive_affect" name="test_configure_rebuilds_on_toggle_and_reports" time="0.021" /><testcase classname="tests.test_predictive_affect" name="test_checkpoint_roundtrips_predictor" time="0.056" /><testcase classname="tests.test_predictive_affect" name="test_pipeline_learned_predictor_changes_output" time="0.029" /><testcase classname="tests.test_property_beliefs" name="test_repeated_property_evidence_strengthens_one_belief" time="0.002" /><testcase classname="tests.test_property_beliefs" name="test_contradictory_property_evidence_marks_unstable" time="0.001" /><testcase classname="tests.test_property_beliefs" name="test_property_beliefs_persist_across_sqlite_reload" time="0.024" /><testcase classname="tests.test_property_beliefs" name="test_async_property_beliefs_match_sync_after_flush" time="0.027" /><testcase classname="tests.test_property_beliefs" name="test_object_files_preserve_anonymous_property_evidence_and_strip_labels" time="0.001" /><testcase classname="tests.test_property_beliefs" name="test_collapsed_relationship_gate_still_updates_properties" time="0.001" /><testcase classname="tests.test_property_beliefs" name="test_working_memory_event_updates_anonymous_consequence_evidence" time="0.001" /><testcase classname="tests.test_property_beliefs" name="test_ltm_can_consolidate_stable_scene_entities_beyond_focus_cache" time="0.003" /><testcase classname="tests.test_represented_self" name="test_embedding_shape_bounds_and_capability" time="0.001" /><testcase classname="tests.test_represented_self" name="test_node_content_and_controls_edges" time="0.001" /><testcase classname="tests.test_represented_self" name="test_default_off_has_no_ingress" time="0.022" /><testcase classname="tests.test_represented_self" name="test_flag_on_builds_zero_init_ingress" time="0.008" /><testcase classname="tests.test_represented_self" name="test_zero_init_is_byte_identical" time="0.013" /><testcase classname="tests.test_represented_self" name="test_from_env_threads_faculty" time="0.001" /><testcase classname="tests.test_represented_self" name="test_config_default_on" time="0.001" /><testcase classname="tests.test_represented_self" name="test_configure_rebuilds_on_toggle_and_reports" time="0.021" /><testcase classname="tests.test_represented_self" name="test_checkpoint_roundtrips_ingress" time="0.054" /><testcase classname="tests.test_represented_self" name="test_pipeline_enriches_self_node_and_feeds_repself" time="0.025" /><testcase classname="tests.test_resource_placement" name="test_scatter_is_deterministic_for_a_fixed_seed" time="0.001" /><testcase classname="tests.test_resource_placement" name="test_arena_respects_min_dist_and_fence" time="0.001" /><testcase classname="tests.test_resource_placement" name="test_different_seeds_move_resources" time="0.001" /><testcase classname="tests.test_resource_placement" name="test_zone_mode_keeps_resources_inside_arena" time="0.001" /><testcase classname="tests.test_resource_placement" name="test_min_dist_cannot_crowd_out_the_disc" time="0.001" /><testcase classname="tests.test_saved_agents" name="test_episodic_backup_restore_roundtrip" time="0.035" /><testcase classname="tests.test_saved_agents" name="test_saved_agent_store_crud" time="0.011" /><testcase classname="tests.test_saved_agents" name="test_saved_agent_roundtrip_api" time="0.494" /><testcase classname="tests.test_scene_dynamics" name="test_scene_dynamics_config_default_on_and_disable" time="0.001" /><testcase classname="tests.test_scene_dynamics" name="test_scene_dynamics_head_shapes_and_zero_skip_loss" time="0.006" /><testcase classname="tests.test_scene_dynamics" name="test_scene_dynamics_builds_only_when_discovered_and_enabled" time="0.056" /><testcase classname="tests.test_scene_dynamics" name="test_scene_workspace_uses_prediction_for_reidentification" time="0.002" /><testcase classname="tests.test_scene_dynamics" name="test_scene_dynamics_entity_feature_rejects_semantic_property_keys" time="0.002" /><testcase classname="tests.test_scene_workspace" name="test_scene_workspace_rejects_semantic_property_evidence" time="0.002" /><testcase classname="tests.test_scene_workspace" name="test_scene_workspace_persists_occluded_entities_then_expires" time="0.002" /><testcase classname="tests.test_scene_workspace" name="test_scene_workspace_admits_extended_entities_and_prioritizes_looming" time="0.002" /><testcase classname="tests.test_scene_workspace" name="test_scene_workspace_builds_anonymous_spatial_relations" time="0.002" /><testcase classname="tests.test_scene_workspace" name="test_scene_workspace_can_hold_more_entities_than_focus_cache" time="0.003" /><testcase classname="tests.test_scene_workspace" name="test_drive_attention_prefers_anonymous_energy_relief_when_energy_low" time="0.002" /><testcase classname="tests.test_scene_workspace" name="test_drive_attention_prefers_anonymous_threat_when_integrity_low" time="0.002" /><testcase classname="tests.test_scenes" name="test_scene_xml_splices_props" time="0.020" /><testcase classname="tests.test_scenes" name="test_scene_xml_unknown_raises" time="0.019" /><testcase classname="tests.test_scenes" name="test_prop_kind_labels" time="0.019" /><testcase classname="tests.test_scenes" name="test_threat_intensity_scaling" time="0.020" /><testcase classname="tests.test_scenes" name="test_eaten_now_radius" time="0.011" /><testcase classname="tests.test_self_model_feedback" name="test_default_off_has_no_spine_module" time="0.018" /><testcase classname="tests.test_self_model_feedback" name="test_flag_on_builds_zero_init_spine" time="0.010" /><testcase classname="tests.test_self_model_feedback" name="test_zero_init_is_byte_identical" time="0.016" /><testcase classname="tests.test_self_model_feedback" name="test_learned_spine_changes_output" time="0.017" /><testcase classname="tests.test_self_model_feedback" name="test_from_env_threads_faculty" time="0.001" /><testcase classname="tests.test_self_model_feedback" name="test_config_default_on" time="0.001" /><testcase classname="tests.test_self_model_feedback" name="test_configure_rebuilds_on_toggle_and_reports" time="0.019" /><testcase classname="tests.test_self_model_feedback" name="test_checkpoint_roundtrips_spine" time="0.056" /><testcase classname="tests.test_self_model_stability" name="test_severed_loop_is_stable" time="0.148" /><testcase classname="tests.test_self_model_stability" name="test_self_state_feedback_loop_is_contractive" time="0.335" /><testcase classname="tests.test_self_model_stability" name="test_plasticity_guard_freeze_timing" time="0.001" /><testcase classname="tests.test_self_model_stability" name="test_bf16_does_not_worsen_divergence" time="0.804" /><testcase classname="tests.test_semantic_graph" name="test_upsert_then_match_reidentifies" time="0.001" /><testcase classname="tests.test_semantic_graph" name="test_match_threshold_respected" time="0.001" /><testcase classname="tests.test_semantic_graph" name="test_growth_is_unbounded" time="0.003" /><testcase classname="tests.test_semantic_graph" name="test_edges_bump_and_snapshot_totals" time="0.001" /><testcase classname="tests.test_semantic_graph" name="test_snapshot_reports_render_window_and_parallel_edge_density" time="0.001" /><testcase classname="tests.test_semantic_graph" name="test_consolidate_commits_stable_and_links_copresent" time="0.001" /><testcase classname="tests.test_semantic_graph" name="test_oracle_slots_without_appearance_are_skipped" time="0.001" /><testcase classname="tests.test_semantic_graph" name="test_persistence_round_trip" time="0.019" /><testcase classname="tests.test_semantic_graph" name="test_backup_restore_between_stores" time="0.017" /><testcase classname="tests.test_semantic_graph" name="test_restore_missing_file_is_noop" time="0.003" /><testcase classname="tests.test_semantic_graph" name="test_clear_wipes_graph" time="0.001" /><testcase classname="tests.test_semantic_graph" name="test_reidentify_rebinds_to_long_term_id" time="0.001" /><testcase classname="tests.test_semantic_graph" name="test_no_reidentify_path_is_unchanged" time="0.001" /><testcase classname="tests.test_semantic_graph" name="test_long_term_graph_grows_while_working_memory_stays_bounded" time="0.003" /><testcase classname="tests.test_semantic_graph" name="test_ltm_graph_enabled_by_default" time="0.001" /><testcase classname="tests.test_semantic_graph" name="test_semantic_evidence_records_provisional_framework_graph" time="0.001" /><testcase classname="tests.test_semantic_graph" name="test_repeated_semantic_patterns_form_conclusions_and_values" time="0.001" /><testcase classname="tests.test_semantic_graph" name="test_ltm_match_cache_matches_bounded_candidate_window" time="0.002" /><testcase classname="tests.test_signatures" name="test_lz76_basic_properties" time="0.001" /><testcase classname="tests.test_signatures" name="test_pci_metric_wellformed" time="0.058" /><testcase classname="tests.test_signatures" name="test_pci_is_deterministic" time="0.102" /><testcase classname="tests.test_signatures" name="test_probe_restores_recurrent_state" time="0.049" /><testcase classname="tests.test_signatures" name="test_self_feedback_raises_integration" time="0.153" /><testcase classname="tests.test_signatures" name="test_severing_self_loop_changes_self_report" time="0.016" /><testcase classname="tests.test_signatures" name="test_gwt_ignition_threshold_changes_report" time="0.002" /><testcase classname="tests.test_signatures" name="test_integration_window_shifts_committed_now" time="0.001" /><testcase classname="tests.test_signatures" name="test_predictive_affect_changes_perception" time="0.001" /><testcase classname="tests.test_skill_dojo" name="test_skill_catalog_contains_stand_and_recover" time="0.001" /><testcase classname="tests.test_skill_dojo" name="test_stand_teacher_is_deterministic_neutral_target" time="0.001" /><testcase classname="tests.test_skill_dojo" name="test_boolean_gate_metrics_are_numeric" time="0.001" /><testcase classname="tests.test_skill_dojo" name="test_uploaded_skill_store_roundtrip_and_validation" time="0.016" /><testcase classname="tests.test_skill_dojo" name="test_uploaded_skill_allows_food_ahead_periodic_command" time="0.011" /><testcase classname="tests.test_skill_dojo" name="test_uploaded_skill_store_migrates_legacy_scaffold_commands" time="0.011" /><testcase classname="tests.test_skill_dojo" name="test_packaged_uploadable_skills_validate" time="0.002" /><testcase classname="tests.test_skill_dojo" name="test_failure_criteria_retries_attempt_and_resets_body" time="0.047" /><testcase classname="tests.test_skill_dojo" name="test_exhausted_retries_marks_run_failed_and_clears_teacher" time="0.045" /><testcase classname="tests.test_skill_dojo" name="test_timeout_retries_attempt" time="0.063" /><testcase classname="tests.test_skill_dojo" name="test_successful_retry_promotes_to_next_phase" time="0.079" /><testcase classname="tests.test_skill_dojo" name="test_manual_scaffold_blocks_graduation_without_retry" time="0.079" /><testcase classname="tests.test_skill_dojo" name="test_manual_scaffold_can_pass_practice_but_not_terminal" time="0.048" /><testcase classname="tests.test_skill_dojo" name="test_adaptive_teacher_increases_when_posture_fails" time="0.045" /><testcase classname="tests.test_skill_dojo" name="test_adaptive_teacher_increases_on_partial_root_drop_before_failure" time="0.047" /><testcase classname="tests.test_skill_dojo" name="test_adaptive_teacher_fades_after_stable_samples" time="0.047" /><testcase classname="tests.test_skill_dojo" name="test_adaptive_teacher_does_not_fade_outside_height_band" time="0.045" /><testcase classname="tests.test_skill_dojo" name="test_terminal_phase_forces_teacher_assist_zero" time="0.030" /><testcase classname="tests.test_skill_dojo" name="test_live_teacher_preserves_student_motor_action_for_body" time="0.001" /><testcase classname="tests.test_skill_dojo" name="test_live_teacher_full_assist_never_zeros_student_motor_action" time="0.001" /><testcase classname="tests.test_skill_dojo" name="test_live_teacher_assist_zero_keeps_student_action" time="0.001" /><testcase classname="tests.test_skill_dojo" name="test_stance_phase_is_sampled_for_uploaded_skill_gates" time="0.060" /><testcase classname="tests.test_skill_dojo" name="test_supervisor_start_applies_phase_and_teacher_metadata" time="0.005" /><testcase classname="tests.test_skill_dojo" name="test_caregiver_monitor_requests_lowest_reservoir" time="0.042" /><testcase classname="tests.test_skill_dojo" name="test_caregiver_monitor_maps_reservoir_to_parent_request[hydration-parent_request:water]" time="0.003" /><testcase classname="tests.test_skill_dojo" name="test_caregiver_monitor_maps_reservoir_to_parent_request[energy-parent_request:food]" time="0.003" /><testcase classname="tests.test_skill_dojo" name="test_caregiver_monitor_maps_reservoir_to_parent_request[integrity-parent_request:care]" time="0.002" /><testcase classname="tests.test_skill_dojo" name="test_caregiver_monitor_reports_missing_parent_and_blocks_graduation" time="0.054" /><testcase classname="tests.test_skill_dojo" name="test_supervisor_periodic_commands_and_death_demote" time="0.076" /><testcase classname="tests.test_skill_dojo" name="test_supervisor_rejects_unknown_skill" time="0.004" /><testcase classname="tests.test_skill_dojo" name="test_dojo_routes_smoke" time="0.058" /><testcase classname="tests.test_skill_dojo" name="test_dojo_skill_upload_routes" time="0.070" /><testcase classname="tests.test_skill_dojo" name="test_replay_transition_metadata_and_imitation_loss" time="0.019" /><testcase classname="tests.test_sparse_training" name="test_density_one_is_parity" time="0.002" /><testcase classname="tests.test_sparse_training" name="test_mask_enforces_target_density" time="0.002" /><testcase classname="tests.test_sparse_training" name="test_pruned_weights_stay_zero_across_enforce" time="0.006" /><testcase classname="tests.test_sparse_training" name="test_rewire_keeps_connection_count_constant" time="0.004" /><testcase classname="tests.test_sparse_training" name="test_rewire_grows_highest_gradient_inactive_edge" time="0.002" /><testcase classname="tests.test_stage10_ltm_async" name="test_stage10_enqueues_ltm_job_without_synchronous_graph_work" time="0.001" /><testcase classname="tests.test_stage_pipeline" name="test_prefetch_queue_defaults_and_clamp" time="0.001" /><testcase classname="tests.test_stage_pipeline" name="test_prefetch_policy_defaults" time="0.001" /><testcase classname="tests.test_stage_pipeline" name="test_session_snapshot_is_immutable_and_serializable" time="0.001" /><testcase classname="tests.test_stage_pipeline" name="test_commit_arbiter_is_fifo_with_urgent_preemption" time="0.001" /><testcase classname="tests.test_stage_pipeline" name="test_prefetch_supervisor_folds_before_deep_processing" time="0.002" /><testcase classname="tests.test_stage_pipeline" name="test_prefetch_supervisor_coalesces_without_information_loss" time="0.002" /><testcase classname="tests.test_stage_pipeline" name="test_prefetch_supervisor_oldest_policy_coalesces_newer_frames" time="0.002" /><testcase classname="tests.test_stage_pipeline" name="test_prefetch_supervisor_records_backpressure_without_loss" time="0.002" /><testcase classname="tests.test_stage_pipeline" name="test_stage_pipeline_metrics_are_lightweight_and_debug_preserves_full_snapshot" time="0.002" /><testcase classname="tests.test_stage_pipeline" name="test_runtime_serial_prefetch_folds_and_deep_processes" time="0.027" /><testcase classname="tests.test_stage_traces" name="test_stack_stage_metrics" time="0.011" /><testcase classname="tests.test_stage_traces" name="test_state_exposes_last_cycle_trace" time="0.095" /><testcase classname="tests.test_successor_features" name="test_sf_head_built_and_in_state_dict" time="0.010" /><testcase classname="tests.test_successor_features" name="test_sf_zero_init_parity" time="0.009" /><testcase classname="tests.test_successor_features" name="test_sf_head_learns_a_target" time="0.169" /><testcase classname="tests.test_successor_features" name="test_detach_params_blocks_sf_weight_grad_but_keeps_input_grad" time="0.045" /><testcase classname="tests.test_successor_features" name="test_value_weight_ramps_from_zero" time="0.001" /><testcase classname="tests.test_successor_features" name="test_imagined_loss_is_finite_and_backprops" time="0.011" /><testcase classname="tests.test_successor_features" name="test_imagined_loss_noop_without_drive" time="0.009" /><testcase classname="tests.test_training_gates" name="test_mean_and_delta_metric" time="0.001" /><testcase classname="tests.test_training_gates" name="test_below_criterion" time="0.001" /><testcase classname="tests.test_training_gates" name="test_above_criterion" time="0.001" /><testcase classname="tests.test_training_gates" name="test_trend_criterion" time="0.001" /><testcase classname="tests.test_training_gates" name="test_gate_requires_enough_samples_and_all_criteria" time="0.001" /><testcase classname="tests.test_training_gates" name="test_gate_as_dict_serializes" time="0.001" /><testcase classname="tests.test_training_gates" name="test_developmental_locomotion_migrates_legacy_phase_shape" time="0.001" /><testcase classname="tests.test_training_gates" name="test_affective_locomotion_adds_terminal_stretch_phase" time="0.001" /><testcase classname="tests.test_viability" name="test_damage_from_collision_events" time="0.001" /><testcase classname="tests.test_viability" name="test_damage_ignores_low_intensity" time="0.001" /><testcase classname="tests.test_viability" name="test_damage_region_change_stress" time="0.001" /><testcase classname="tests.test_viability" name="test_damage_generic_types" time="0.001" /><testcase classname="tests.test_viability" name="test_threat_near_mild_stress" time="0.001" /><testcase classname="tests.test_viability" name="test_nourishment_from_food_events" time="0.001" /><testcase classname="tests.test_viability" name="test_nourishment_respects_threshold_and_types" time="0.001" /><testcase classname="tests.test_walking_curriculum" name="test_brace_ratchet_loosens_under_sustained_low_pe" time="0.009" /><testcase classname="tests.test_walking_curriculum" name="test_brace_ratchet_holds_under_high_pe" time="0.009" /><testcase classname="tests.test_walking_curriculum" name="test_brace_ratchet_dwell_resets_on_pe_spike" time="0.009" /><testcase classname="tests.test_walking_curriculum" name="test_brace_ratchet_never_below_zero" time="0.011" /><testcase classname="tests.test_walking_curriculum" name="test_forward_pred_dim_follows_actuator_count" time="0.001" /><testcase classname="tests.test_walking_curriculum" name="test_checkpoint_reinitializes_motor_forward_heads_on_actuator_change" time="0.045" /><testcase classname="tests.test_walking_curriculum" name="test_body_spawns_with_braces_off_by_default" time="0.017" /><testcase classname="tests.test_walking_curriculum" name="test_body_stands_as_braced_statue_with_no_external_wrench" time="0.413" /><testcase classname="tests.test_walking_curriculum" name="test_joint_pe_from_brain_widens_rom" time="1.474" /><testcase classname="tests.test_walking_curriculum" name="test_high_joint_pe_keeps_braces_welded" time="1.482" /><testcase classname="tests.test_walking_curriculum" name="test_recenter_preserves_earned_rom" time="1.113" /><testcase classname="tests.test_walking_curriculum" name="test_reset_braces_rewelds" time="1.104" /><testcase classname="tests.test_walking_curriculum" name="test_braces_can_be_switched_off_and_on" time="1.140" /><testcase classname="tests.test_walking_curriculum" name="test_lifeless_relaxes_braces_to_native" time="0.017" /><testcase classname="tests.test_walking_curriculum" name="test_snapshot_and_observation_expose_brace_telemetry" time="0.018" /><testcase classname="tests.test_walking_curriculum" name="test_model_has_ankles_box_feet_sensors_and_bears_weight" time="0.473" /><testcase classname="tests.test_walking_curriculum" name="test_arms_have_traction_and_stronger_actuators" time="0.017" /><testcase classname="tests.test_walking_curriculum" name="test_uses_implicitfast_integrator" time="0.016" /><testcase classname="tests.test_walking_curriculum" name="test_part_loads_live_and_flow_into_observation" time="0.464" /><testcase classname="tests.test_walking_curriculum" name="test_default_geom_is_frictional_and_body_on_body_grips" time="0.015" /><testcase classname="tests.test_walking_curriculum" name="test_stance_resolve_preserves_defaults_and_clamps_overrides" time="0.001" /><testcase classname="tests.test_walking_curriculum" name="test_stance_catalog_and_motion_flags" time="0.001" /><testcase classname="tests.test_walking_curriculum" name="test_motion_ref_interpolates_and_wraps" time="0.001" /><testcase classname="tests.test_walking_curriculum" name="test_set_stance_reposes_without_rewelding" time="1.130" /><testcase classname="tests.test_walking_curriculum" name="test_every_stance_finite_with_no_external_wrench" time="0.777" /><testcase classname="tests.test_walking_curriculum" name="test_motion_stance_advances_phase_and_retargets" time="0.139" /><testcase classname="tests.test_walking_curriculum" name="test_crawl_motion_can_make_contact_driven_progress_without_wrench" time="0.295" /><testcase classname="tests.test_walking_curriculum" name="test_manual_auto_reset_toggle_is_observable" time="0.019" /><testcase classname="tests.test_walking_curriculum" name="test_stance_sets_posture_aware_fall_floor" time="0.020" /><testcase classname="tests.test_walking_curriculum" name="test_movement_hold_keeps_braces_welded" time="2.940" /><testcase classname="tests.test_walking_curriculum" name="test_movement_hold_loops_one_shot_motion" time="0.292" /><testcase classname="tests.test_working_memory" name="test_assimilate_and_accommodate" time="0.001" /><testcase classname="tests.test_working_memory" name="test_object_permanence_then_fade" time="0.001" /><testcase classname="tests.test_working_memory" name="test_capacity_evicts_lowest_salience" time="0.001" /><testcase classname="tests.test_working_memory" name="test_attention_vector_reflects_affect_and_salience" time="0.001" /><testcase classname="tests.test_working_memory" name="test_snapshot_marks_in_view" time="0.001" /><testcase classname="tests.test_working_memory" name="test_snapshot_includes_render_fields" time="0.001" /><testcase classname="tests.test_working_memory" name="test_event_binding_sets_audio_and_decays" time="0.001" /><testcase classname="tests.test_working_memory" name="test_event_for_unknown_entity_is_ignored" time="0.001" /><testcase classname="tests.test_working_memory" name="test_deposit_scene_ema" time="0.001" /><testcase classname="tests.test_working_memory" name="test_deposit_scene_dim_change_reseeds" time="0.001" /><testcase classname="tests.test_working_memory" name="test_attention_vector_includes_scene_component" time="0.001" /><testcase classname="tests.test_working_memory" name="test_snapshot_exposes_scene_latent" time="0.001" /><testcase classname="tests.test_working_memory" name="test_heading_from_position_history" time="0.001" /><testcase classname="tests.test_working_memory" name="test_low_confidence_extended_percept_enters_provisionally" time="0.001" /><testcase classname="tests.test_world_graph" name="test_spatial_edges_and_closeness" time="0.001" /><testcase classname="tests.test_world_graph" name="test_affective_edges_signed_by_valence" time="0.001" /><testcase classname="tests.test_world_graph" name="test_proximity_edges_within_radius" time="0.001" /><testcase classname="tests.test_world_graph" name="test_context_nodes_get_context_edges" time="0.001" /><testcase classname="tests.test_world_graph" name="test_affect_update_decays_and_clamps" time="0.001" /><testcase classname="tests.test_world_graph" name="test_affect_ignores_sensor_named_events" time="0.001" /><testcase classname="tests.test_write_behind" name="test_write_behind_persists_after_flush" time="0.276" /><testcase classname="tests.test_write_behind" name="test_write_behind_search_ranks_exact_match_first" time="0.284" /><testcase classname="tests.test_write_behind" name="test_write_behind_clear_flushes_then_wipes" time="0.268" /><testcase classname="tests.test_write_behind" name="test_write_behind_backpressure_never_drops" time="0.268" /><testcase classname="tests.test_write_behind" name="test_born_disabled_has_no_worker_and_writes_synchronously" time="0.011" /><testcase classname="tests.test_write_behind" name="test_live_toggle_off_on_preserves_records" time="0.539" /></testsuite></testsuites>